<?xml version="1.0" encoding="UTF-8"?>
<!-- Generated by org.testng.reporters.JUnitReportReporter -->
<testsuite hostname="ULTP_431" name="com.appium.training.LaunchFlipkart" tests="1" failures="0" timestamp="19 Oct 2015 11:26:51 GMT" time="7.933" errors="0">
  <testcase name="Runtheflipkartapkfile" time="7.933" classname="com.appium.training.LaunchFlipkart"/>
</testsuite> <!-- com.appium.training.LaunchFlipkart -->
